# JRE version: OpenJDK Runtime Environment Corretto-17.0.7.7.1 (17.0.7+7) (build 17.0.7+7-LTS)
# Java VM: OpenJDK 64-Bit Server VM Corretto-17.0.7.7.1 (17.0.7+7-LTS, mixed mode, sharing, tiered, compressed oops, compressed class ptrs, g1 gc, bsd-amd64)
GC Precious Log:
 CPUs: 8 total, 8 available
 Memory: 16384M
 Large Page Support: Disabled
 NUMA Support: Disabled
 Compressed Oops: Enabled (Zero based)
 Heap Region Size: 2M
 Heap Min Capacity: 8M
 Heap Initial Capacity: 256M
 Heap Max Capacity: 4G
 Pre-touch: Disabled
 Parallel Workers: 8
 Concurrent Workers: 2
 Concurrent Refinement Workers: 8
 Periodic GC: Disabled
Heap:
 garbage-first heap   total 81920K, used 33830K [0x0000000700000000, 0x0000000800000000)
  region size 2048K, 9 young (18432K), 2 survivors (4096K)
 Metaspace       used 38885K, committed 39360K, reserved 1114112K
  class space    used 4917K, committed 5184K, reserved 1048576K
GC Heap History (14 events):
Event: 1.835 GC heap before
{Heap before GC invocations=0 (full 0):
 garbage-first heap   total 266240K, used 22484K [0x0000000700000000, 0x0000000800000000)
  region size 2048K, 11 young (22528K), 0 survivors (0K)
 Metaspace       used 4806K, committed 5056K, reserved 1114112K
  class space    used 546K, committed 704K, reserved 1048576K
}
Event: 1.850 GC heap after
{Heap after GC invocations=1 (full 0):
 garbage-first heap   total 266240K, used 10991K [0x0000000700000000, 0x0000000800000000)
  region size 2048K, 2 young (4096K), 2 survivors (4096K)
 Metaspace       used 4806K, committed 5056K, reserved 1114112K
  class space    used 546K, committed 704K, reserved 1048576K
}
Event: 3.054 GC heap before
{Heap before GC invocations=1 (full 0):
 garbage-first heap   total 266240K, used 31471K [0x0000000700000000, 0x0000000800000000)
  region size 2048K, 12 young (24576K), 2 survivors (4096K)
 Metaspace       used 8417K, committed 8640K, reserved 1114112K
  class space    used 1051K, committed 1152K, reserved 1048576K
}
Event: 3.067 GC heap after
{Heap after GC invocations=2 (full 0):
 garbage-first heap   total 266240K, used 12299K [0x0000000700000000, 0x0000000800000000)
  region size 2048K, 1 young (2048K), 1 survivors (2048K)
 Metaspace       used 8417K, committed 8640K, reserved 1114112K
  class space    used 1051K, committed 1152K, reserved 1048576K
}
Event: 5.569 GC heap before
{Heap before GC invocations=2 (full 0):
 garbage-first heap   total 266240K, used 67595K [0x0000000700000000, 0x0000000800000000)
  region size 2048K, 28 young (57344K), 1 survivors (2048K)
 Metaspace       used 19029K, committed 19328K, reserved 1114112K
  class space    used 2323K, committed 2496K, reserved 1048576K
}
Event: 5.586 GC heap after
{Heap after GC invocations=3 (full 0):
 garbage-first heap   total 266240K, used 16943K [0x0000000700000000, 0x0000000800000000)
  region size 2048K, 3 young (6144K), 3 survivors (6144K)
 Metaspace       used 19029K, committed 19328K, reserved 1114112K
  class space    used 2323K, committed 2496K, reserved 1048576K
}
Event: 6.374 GC heap before
{Heap before GC invocations=3 (full 0):
 garbage-first heap   total 266240K, used 33327K [0x0000000700000000, 0x0000000800000000)
  region size 2048K, 12 young (24576K), 3 survivors (6144K)
 Metaspace       used 21252K, committed 21504K, reserved 1114112K
  class space    used 2622K, committed 2752K, reserved 1048576K
}
Event: 6.383 GC heap after
{Heap after GC invocations=4 (full 0):
 garbage-first heap   total 266240K, used 17871K [0x0000000700000000, 0x0000000800000000)
  region size 2048K, 4 young (8192K), 4 survivors (8192K)
 Metaspace       used 21252K, committed 21504K, reserved 1114112K
  class space    used 2622K, committed 2752K, reserved 1048576K
}
Event: 7.597 GC heap before
{Heap before GC invocations=5 (full 0):
 garbage-first heap   total 81920K, used 58831K [0x0000000700000000, 0x0000000800000000)
  region size 2048K, 24 young (49152K), 4 survivors (8192K)
 Metaspace       used 29097K, committed 29568K, reserved 1114112K
  class space    used 3662K, committed 3904K, reserved 1048576K
}
Event: 7.614 GC heap after
{Heap after GC invocations=6 (full 0):
 garbage-first heap   total 81920K, used 21576K [0x0000000700000000, 0x0000000800000000)
  region size 2048K, 3 young (6144K), 3 survivors (6144K)
 Metaspace       used 29097K, committed 29568K, reserved 1114112K
  class space    used 3662K, committed 3904K, reserved 1048576K
}
Event: 160.010 GC heap before
{Heap before GC invocations=6 (full 0):
 garbage-first heap   total 81920K, used 52296K [0x0000000700000000, 0x0000000800000000)
  region size 2048K, 18 young (36864K), 3 survivors (6144K)
 Metaspace       used 34156K, committed 34560K, reserved 1114112K
  class space    used 4451K, committed 4672K, reserved 1048576K
}
Event: 160.059 GC heap after
{Heap after GC invocations=7 (full 0):
 garbage-first heap   total 81920K, used 23702K [0x0000000700000000, 0x0000000800000000)
  region size 2048K, 2 young (4096K), 2 survivors (4096K)
 Metaspace       used 34156K, committed 34560K, reserved 1114112K
  class space    used 4451K, committed 4672K, reserved 1048576K
}
Event: 160.255 GC heap before
{Heap before GC invocations=7 (full 0):
 garbage-first heap   total 81920K, used 27798K [0x0000000700000000, 0x0000000800000000)
  region size 2048K, 5 young (10240K), 2 survivors (4096K)
 Metaspace       used 35495K, committed 35968K, reserved 1114112K
  class space    used 4626K, committed 4864K, reserved 1048576K
}
Event: 160.261 GC heap after
{Heap after GC invocations=8 (full 0):
 garbage-first heap   total 81920K, used 23590K [0x0000000700000000, 0x0000000800000000)
  region size 2048K, 2 young (4096K), 2 survivors (4096K)
 Metaspace       used 35495K, committed 35968K, reserved 1114112K
  class space    used 4626K, committed 4864K, reserved 1048576K
}

